<?xml version="1.0" encoding="UTF-8"?>
<!-- Generated by org.testng.reporters.JUnitReportReporter -->
<testsuite hostname="Acer" name="eshopping.automation.firefox.testRunners.E2E_Runner" tests="1" failures="0" timestamp="12 Feb 2017 20:19:16 GMT" time="24.085" errors="0">
  <testcase name="run_cukes" time="24.085" classname="eshopping.automation.firefox.testRunners.E2E_Runner"/>
</testsuite> <!-- eshopping.automation.firefox.testRunners.E2E_Runner -->
