<?xml version="1.0" encoding="UTF-8"?>
<!-- Generated by org.testng.reporters.JUnitReportReporter -->
<testsuite hostname="Acer" name="eshopping.automation.chrome.testRunners.E2E_Runner" tests="1" failures="0" timestamp="12 Feb 2017 20:04:02 GMT" time="36.872" errors="0">
  <testcase name="run_cukes" time="36.872" classname="eshopping.automation.chrome.testRunners.E2E_Runner"/>
</testsuite> <!-- eshopping.automation.chrome.testRunners.E2E_Runner -->
