<?xml version="1.0" encoding="UTF-8"?>
<!-- Generated by org.testng.reporters.JUnitReportReporter -->
<testsuite hostname="Acer" name="eshopping.automation.firefox.testRunners.HomePage_Runner" tests="1" failures="0" timestamp="12 Feb 2017 20:04:02 GMT" time="27.703" errors="0">
  <testcase name="run_cukes" time="27.703" classname="eshopping.automation.firefox.testRunners.HomePage_Runner"/>
</testsuite> <!-- eshopping.automation.firefox.testRunners.HomePage_Runner -->
